# JRE version: OpenJDK Runtime Environment (11.0.13+8) (build 11.0.13+8-Ubuntu-0ubuntu1.20.04)
# Java VM: OpenJDK 64-Bit Server VM (11.0.13+8-Ubuntu-0ubuntu1.20.04, mixed mode, sharing, tiered, compressed oops, g1 gc, linux-amd64)
Heap:
 garbage-first heap   total 225280K, used 68727K [0x0000000727400000, 0x0000000800000000)
  region size 1024K, 56 young (57344K), 9 survivors (9216K)
 Metaspace       used 33038K, capacity 34861K, committed 35120K, reserved 1079296K
  class space    used 4158K, capacity 4697K, committed 4736K, reserved 1048576K
GC Heap History (20 events):
Event: 26.444 GC heap before
{Heap before GC invocations=3 (full 0):
 garbage-first heap   total 225280K, used 57563K [0x0000000727400000, 0x0000000800000000)
  region size 1024K, 50 young (51200K), 6 survivors (6144K)
 Metaspace       used 20263K, capacity 21031K, committed 21296K, reserved 1069056K
  class space    used 2405K, capacity 2667K, committed 2688K, reserved 1048576K
}
Event: 26.456 GC heap after
{Heap after GC invocations=4 (full 0):
 garbage-first heap   total 225280K, used 15737K [0x0000000727400000, 0x0000000800000000)
  region size 1024K, 8 young (8192K), 8 survivors (8192K)
 Metaspace       used 20263K, capacity 21031K, committed 21296K, reserved 1069056K
  class space    used 2405K, capacity 2667K, committed 2688K, reserved 1048576K
}
Event: 103.002 GC heap before
{Heap before GC invocations=5 (full 0):
 garbage-first heap   total 225280K, used 139641K [0x0000000727400000, 0x0000000800000000)
  region size 1024K, 130 young (133120K), 8 survivors (8192K)
 Metaspace       used 29957K, capacity 30992K, committed 31152K, reserved 1077248K
  class space    used 3916K, capacity 4291K, committed 4352K, reserved 1048576K
}
Event: 103.014 GC heap after
{Heap after GC invocations=6 (full 0):
 garbage-first heap   total 225280K, used 20072K [0x0000000727400000, 0x0000000800000000)
  region size 1024K, 12 young (12288K), 12 survivors (12288K)
 Metaspace       used 29957K, capacity 30992K, committed 31152K, reserved 1077248K
  class space    used 3916K, capacity 4291K, committed 4352K, reserved 1048576K
}
Event: 166.824 GC heap before
{Heap before GC invocations=6 (full 0):
 garbage-first heap   total 225280K, used 140904K [0x0000000727400000, 0x0000000800000000)
  region size 1024K, 130 young (133120K), 12 survivors (12288K)
 Metaspace       used 32106K, capacity 33908K, committed 34096K, reserved 1079296K
  class space    used 4153K, capacity 4693K, committed 4736K, reserved 1048576K
}
Event: 166.834 GC heap after
{Heap after GC invocations=7 (full 0):
 garbage-first heap   total 225280K, used 21470K [0x0000000727400000, 0x0000000800000000)
  region size 1024K, 9 young (9216K), 9 survivors (9216K)
 Metaspace       used 32106K, capacity 33908K, committed 34096K, reserved 1079296K
  class space    used 4153K, capacity 4693K, committed 4736K, reserved 1048576K
}
Event: 685.069 GC heap before
{Heap before GC invocations=7 (full 0):
 garbage-first heap   total 225280K, used 145374K [0x0000000727400000, 0x0000000800000000)
  region size 1024K, 130 young (133120K), 9 survivors (9216K)
 Metaspace       used 32398K, capacity 34247K, committed 34352K, reserved 1079296K
  class space    used 4155K, capacity 4695K, committed 4736K, reserved 1048576K
}
Event: 685.076 GC heap after
{Heap after GC invocations=8 (full 0):
 garbage-first heap   total 225280K, used 21445K [0x0000000727400000, 0x0000000800000000)
  region size 1024K, 9 young (9216K), 9 survivors (9216K)
 Metaspace       used 32398K, capacity 34247K, committed 34352K, reserved 1079296K
  class space    used 4155K, capacity 4695K, committed 4736K, reserved 1048576K
}
Event: 1225.352 GC heap before
{Heap before GC invocations=8 (full 0):
 garbage-first heap   total 225280K, used 145349K [0x0000000727400000, 0x0000000800000000)
  region size 1024K, 130 young (133120K), 9 survivors (9216K)
 Metaspace       used 32525K, capacity 34379K, committed 34608K, reserved 1079296K
  class space    used 4155K, capacity 4695K, committed 4736K, reserved 1048576K
}
Event: 1225.361 GC heap after
{Heap after GC invocations=9 (full 0):
 garbage-first heap   total 225280K, used 21445K [0x0000000727400000, 0x0000000800000000)
  region size 1024K, 9 young (9216K), 9 survivors (9216K)
 Metaspace       used 32525K, capacity 34379K, committed 34608K, reserved 1079296K
  class space    used 4155K, capacity 4695K, committed 4736K, reserved 1048576K
}
Event: 1961.238 GC heap before
{Heap before GC invocations=9 (full 0):
 garbage-first heap   total 225280K, used 145349K [0x0000000727400000, 0x0000000800000000)
  region size 1024K, 130 young (133120K), 9 survivors (9216K)
 Metaspace       used 32625K, capacity 34521K, committed 34608K, reserved 1079296K
  class space    used 4156K, capacity 4697K, committed 4736K, reserved 1048576K
}
Event: 1961.249 GC heap after
{Heap after GC invocations=10 (full 0):
 garbage-first heap   total 225280K, used 21637K [0x0000000727400000, 0x0000000800000000)
  region size 1024K, 9 young (9216K), 9 survivors (9216K)
 Metaspace       used 32625K, capacity 34521K, committed 34608K, reserved 1079296K
  class space    used 4156K, capacity 4697K, committed 4736K, reserved 1048576K
}
Event: 2202.844 GC heap before
{Heap before GC invocations=10 (full 0):
 garbage-first heap   total 225280K, used 145541K [0x0000000727400000, 0x0000000800000000)
  region size 1024K, 130 young (133120K), 9 survivors (9216K)
 Metaspace       used 32829K, capacity 34650K, committed 34864K, reserved 1079296K
  class space    used 4157K, capacity 4697K, committed 4736K, reserved 1048576K
}
Event: 2202.851 GC heap after
{Heap after GC invocations=11 (full 0):
 garbage-first heap   total 225280K, used 21267K [0x0000000727400000, 0x0000000800000000)
  region size 1024K, 8 young (8192K), 8 survivors (8192K)
 Metaspace       used 32829K, capacity 34650K, committed 34864K, reserved 1079296K
  class space    used 4157K, capacity 4697K, committed 4736K, reserved 1048576K
}
Event: 2323.098 GC heap before
{Heap before GC invocations=11 (full 0):
 garbage-first heap   total 225280K, used 146195K [0x0000000727400000, 0x0000000800000000)
  region size 1024K, 130 young (133120K), 8 survivors (8192K)
 Metaspace       used 32887K, capacity 34720K, committed 34864K, reserved 1079296K
  class space    used 4158K, capacity 4697K, committed 4736K, reserved 1048576K
}
Event: 2323.108 GC heap after
{Heap after GC invocations=12 (full 0):
 garbage-first heap   total 225280K, used 21796K [0x0000000727400000, 0x0000000800000000)
  region size 1024K, 9 young (9216K), 9 survivors (9216K)
 Metaspace       used 32887K, capacity 34720K, committed 34864K, reserved 1079296K
  class space    used 4158K, capacity 4697K, committed 4736K, reserved 1048576K
}
Event: 2458.583 GC heap before
{Heap before GC invocations=12 (full 0):
 garbage-first heap   total 225280K, used 144676K [0x0000000727400000, 0x0000000800000000)
  region size 1024K, 130 young (133120K), 9 survivors (9216K)
 Metaspace       used 32944K, capacity 34787K, committed 35120K, reserved 1079296K
  class space    used 4158K, capacity 4697K, committed 4736K, reserved 1048576K
}
Event: 2458.589 GC heap after
{Heap after GC invocations=13 (full 0):
 garbage-first heap   total 225280K, used 21267K [0x0000000727400000, 0x0000000800000000)
  region size 1024K, 8 young (8192K), 8 survivors (8192K)
 Metaspace       used 32944K, capacity 34787K, committed 35120K, reserved 1079296K
  class space    used 4158K, capacity 4697K, committed 4736K, reserved 1048576K
}
Event: 2539.434 GC heap before
{Heap before GC invocations=13 (full 0):
 garbage-first heap   total 225280K, used 145171K [0x0000000727400000, 0x0000000800000000)
  region size 1024K, 130 young (133120K), 8 survivors (8192K)
 Metaspace       used 32995K, capacity 34858K, committed 35120K, reserved 1079296K
  class space    used 4158K, capacity 4697K, committed 4736K, reserved 1048576K
}
Event: 2539.442 GC heap after
{Heap after GC invocations=14 (full 0):
 garbage-first heap   total 225280K, used 21623K [0x0000000727400000, 0x0000000800000000)
  region size 1024K, 9 young (9216K), 9 survivors (9216K)
 Metaspace       used 32995K, capacity 34858K, committed 35120K, reserved 1079296K
  class space    used 4158K, capacity 4697K, committed 4736K, reserved 1048576K
}

